2024-10-19 07:39:20,137 [Worker-2: Loading available Gradle versions] INFO  o.e.b.c.i.u.g.PublishedGradleVersions - Gradle version information cache is not available. Remote download required.
2024-10-19 07:40:58,331 [Worker-2: Import Getting Started Content] INFO  o.e.m.c.i.l.LifecycleMappingFactory - Using org.eclipse.m2e.jdt.JarLifecycleMapping lifecycle mapping for MavenProject: com.cibertec:Proyecto19Octubre:0.0.1-SNAPSHOT @ C:\TODO CIBERTEC\CUARTO CICLO\LP2\proyecto19Octubre\Proyecto19Octubre\pom.xml.
2024-10-19 07:41:07,986 [Worker-2: Import Getting Started Content] INFO  o.e.m.j.i.AbstractJavaProjectConfigurator - Adding source folder /Proyecto19Octubre/src/main/java
2024-10-19 07:41:07,989 [Worker-2: Import Getting Started Content] INFO  o.e.m.j.i.AbstractJavaProjectConfigurator - Adding resource folder /Proyecto19Octubre/src/main/resources
2024-10-19 07:41:08,011 [Worker-2: Import Getting Started Content] INFO  o.e.m.j.i.AbstractJavaProjectConfigurator - Adding resource folder /Proyecto19Octubre/src/main/resources
2024-10-19 07:41:08,027 [Worker-2: Import Getting Started Content] INFO  o.e.m.j.i.AbstractJavaProjectConfigurator - Adding source folder /Proyecto19Octubre/src/test/java
2024-10-19 07:41:08,029 [Worker-2: Import Getting Started Content] INFO  o.e.m.j.i.AbstractJavaProjectConfigurator - Adding resource folder /Proyecto19Octubre/src/test/resources
2024-10-19 07:41:16,915 [Worker-2: Import Getting Started Content] INFO  o.e.m.c.i.p.ProjectConfigurationManager - Imported and configured 1 project(s) in 24 sec
2024-10-19 07:41:16,921 [Worker-2: Import Getting Started Content] INFO  o.e.m.c.i.p.ProjectConfigurationManager - Update started
2024-10-19 07:41:17,846 [Worker-2: Import Getting Started Content] INFO  o.e.m.c.i.l.LifecycleMappingFactory - Using org.eclipse.m2e.jdt.JarLifecycleMapping lifecycle mapping for MavenProject: com.cibertec:Proyecto19Octubre:0.0.1-SNAPSHOT @ C:\TODO CIBERTEC\CUARTO CICLO\LP2\proyecto19Octubre\Proyecto19Octubre\pom.xml.
2024-10-19 07:41:19,574 [Worker-2: Import Getting Started Content] INFO  o.e.m.j.i.AbstractJavaProjectConfigurator - Adding source folder /Proyecto19Octubre/src/main/java
2024-10-19 07:41:19,576 [Worker-2: Import Getting Started Content] INFO  o.e.m.j.i.AbstractJavaProjectConfigurator - Adding resource folder /Proyecto19Octubre/src/main/resources
2024-10-19 07:41:19,579 [Worker-2: Import Getting Started Content] INFO  o.e.m.j.i.AbstractJavaProjectConfigurator - Adding resource folder /Proyecto19Octubre/src/main/resources
2024-10-19 07:41:19,580 [Worker-2: Import Getting Started Content] INFO  o.e.m.j.i.AbstractJavaProjectConfigurator - Adding source folder /Proyecto19Octubre/src/test/java
2024-10-19 07:41:19,582 [Worker-2: Import Getting Started Content] INFO  o.e.m.j.i.AbstractJavaProjectConfigurator - Adding resource folder /Proyecto19Octubre/src/test/resources
2024-10-19 07:41:20,647 [Worker-2: Import Getting Started Content] INFO  o.e.m.c.i.p.ProjectConfigurationManager - Update completed for 1 poms: local refresh takes 0.00 sec, refresh facades takes 2.00 sec, update config takes 0.00 sec 
2024-10-19 07:41:21,711 [Worker-3: Building] INFO  o.a.m.s.f.DefaultMavenResourcesFiltering - Copying 1 resource from src\main\resources to target\classes
2024-10-19 07:41:21,747 [Worker-3: Building] INFO  o.a.m.s.f.DefaultMavenResourcesFiltering - Copying 0 resource from src\main\resources to target\classes
2024-10-19 07:41:21,755 [Worker-3: Building] INFO  o.a.m.s.f.DefaultMavenResourcesFiltering - skip non existing resourceDirectory C:\TODO CIBERTEC\CUARTO CICLO\LP2\proyecto19Octubre\Proyecto19Octubre\src\test\resources
2024-10-19 07:44:50,439 [Worker-4: Building] INFO  o.a.m.s.f.DefaultMavenResourcesFiltering - Copying 1 resource from src\main\resources to target\classes
2024-10-19 07:44:50,447 [Worker-4: Building] INFO  o.a.m.s.f.DefaultMavenResourcesFiltering - Copying 0 resource from src\main\resources to target\classes
2024-10-19 07:44:50,451 [Worker-4: Building] INFO  o.a.m.s.f.DefaultMavenResourcesFiltering - skip non existing resourceDirectory C:\TODO CIBERTEC\CUARTO CICLO\LP2\proyecto19Octubre\Proyecto19Octubre\src\test\resources
2024-10-19 07:45:51,625 [Worker-11: Building] INFO  o.a.m.s.f.DefaultMavenResourcesFiltering - Copying 1 resource from src\main\resources to target\classes
2024-10-19 07:45:51,631 [Worker-11: Building] INFO  o.a.m.s.f.DefaultMavenResourcesFiltering - Copying 0 resource from src\main\resources to target\classes
2024-10-19 07:45:51,634 [Worker-11: Building] INFO  o.a.m.s.f.DefaultMavenResourcesFiltering - skip non existing resourceDirectory C:\TODO CIBERTEC\CUARTO CICLO\LP2\proyecto19Octubre\Proyecto19Octubre\src\test\resources
2024-10-19 07:46:04,609 [Worker-4: Building] INFO  o.a.m.s.f.DefaultMavenResourcesFiltering - Copying 1 resource from src\main\resources to target\classes
2024-10-19 07:46:04,621 [Worker-4: Building] INFO  o.a.m.s.f.DefaultMavenResourcesFiltering - Copying 0 resource from src\main\resources to target\classes
2024-10-19 07:46:04,623 [Worker-4: Building] INFO  o.a.m.s.f.DefaultMavenResourcesFiltering - skip non existing resourceDirectory C:\TODO CIBERTEC\CUARTO CICLO\LP2\proyecto19Octubre\Proyecto19Octubre\src\test\resources
2024-10-19 07:46:58,780 [Worker-10: Building] INFO  o.a.m.s.f.DefaultMavenResourcesFiltering - Copying 1 resource from src\main\resources to target\classes
2024-10-19 07:46:58,793 [Worker-10: Building] INFO  o.a.m.s.f.DefaultMavenResourcesFiltering - Copying 0 resource from src\main\resources to target\classes
2024-10-19 07:46:58,800 [Worker-10: Building] INFO  o.a.m.s.f.DefaultMavenResourcesFiltering - skip non existing resourceDirectory C:\TODO CIBERTEC\CUARTO CICLO\LP2\proyecto19Octubre\Proyecto19Octubre\src\test\resources
2024-10-19 07:56:50,473 [Worker-10: Building] INFO  o.a.m.s.f.DefaultMavenResourcesFiltering - Copying 1 resource from src\main\resources to target\classes
2024-10-19 07:56:50,644 [Worker-10: Building] INFO  o.a.m.s.f.DefaultMavenResourcesFiltering - Copying 0 resource from src\main\resources to target\classes
2024-10-19 07:56:50,655 [Worker-10: Building] INFO  o.a.m.s.f.DefaultMavenResourcesFiltering - skip non existing resourceDirectory C:\TODO CIBERTEC\CUARTO CICLO\LP2\proyecto19Octubre\Proyecto19Octubre\src\test\resources
2024-10-19 07:57:57,946 [Worker-17: Building] INFO  o.a.m.s.f.DefaultMavenResourcesFiltering - Copying 1 resource from src\main\resources to target\classes
2024-10-19 07:57:57,982 [Worker-17: Building] INFO  o.a.m.s.f.DefaultMavenResourcesFiltering - Copying 0 resource from src\main\resources to target\classes
2024-10-19 07:57:57,994 [Worker-17: Building] INFO  o.a.m.s.f.DefaultMavenResourcesFiltering - skip non existing resourceDirectory C:\TODO CIBERTEC\CUARTO CICLO\LP2\proyecto19Octubre\Proyecto19Octubre\src\test\resources
2024-10-19 07:58:08,851 [Worker-17: Building] INFO  o.a.m.s.f.DefaultMavenResourcesFiltering - Copying 1 resource from src\main\resources to target\classes
2024-10-19 07:58:09,026 [Worker-17: Building] INFO  o.a.m.s.f.DefaultMavenResourcesFiltering - Copying 0 resource from src\main\resources to target\classes
2024-10-19 07:58:09,032 [Worker-17: Building] INFO  o.a.m.s.f.DefaultMavenResourcesFiltering - skip non existing resourceDirectory C:\TODO CIBERTEC\CUARTO CICLO\LP2\proyecto19Octubre\Proyecto19Octubre\src\test\resources
2024-10-19 07:58:22,441 [Worker-18: Building] INFO  o.a.m.s.f.DefaultMavenResourcesFiltering - Copying 1 resource from src\main\resources to target\classes
2024-10-19 07:58:22,452 [Worker-18: Building] INFO  o.a.m.s.f.DefaultMavenResourcesFiltering - Copying 0 resource from src\main\resources to target\classes
2024-10-19 07:58:22,456 [Worker-18: Building] INFO  o.a.m.s.f.DefaultMavenResourcesFiltering - skip non existing resourceDirectory C:\TODO CIBERTEC\CUARTO CICLO\LP2\proyecto19Octubre\Proyecto19Octubre\src\test\resources
